<?xml version="1.0" encoding="UTF-8"?>
<testsuite xmlns:xsi="http://www.w3.org/2001/XMLSchema-instance" xsi:noNamespaceSchemaLocation="https://maven.apache.org/surefire/maven-surefire-plugin/xsd/surefire-test-report-3.0.xsd" version="3.0" name="edu.school21.numbers.NumberWorkerTest" time="0.37" tests="25" errors="0" skipped="0" failures="0">
  <properties>
[...]
</properties>
  <testcase name="isPrimeForNotPrimes(int)[1]" classname="edu.school21.numbers.NumberWorkerTest" time="0.082"/>
  <testcase name="isPrimeForNotPrimes(int)[2]" classname="edu.school21.numbers.NumberWorkerTest" time="0.002"/>
  <testcase name="isPrimeForNotPrimes(int)[3]" classname="edu.school21.numbers.NumberWorkerTest" time="0.003"/>
  <testcase name="isPrimeForNotPrimes(int)[4]" classname="edu.school21.numbers.NumberWorkerTest" time="0.002"/>
  <testcase name="checkDigitSumForCorrectNumbers(int, int)[1]" classname="edu.school21.numbers.NumberWorkerTest" time="0.005"/>
  <testcase name="checkDigitSumForCorrectNumbers(int, int)[2]" classname="edu.school21.numbers.NumberWorkerTest" time="0.002"/>
  <testcase name="checkDigitSumForCorrectNumbers(int, int)[3]" classname="edu.school21.numbers.NumberWorkerTest" time="0.002"/>
  <testcase name="checkDigitSumForCorrectNumbers(int, int)[4]" classname="edu.school21.numbers.NumberWorkerTest" time="0.003"/>
  <testcase name="checkDigitSumForCorrectNumbers(int, int)[5]" classname="edu.school21.numbers.NumberWorkerTest" time="0.001"/>
  <testcase name="checkDigitSumForCorrectNumbers(int, int)[6]" classname="edu.school21.numbers.NumberWorkerTest" time="0.003"/>
  <testcase name="checkDigitSumForCorrectNumbers(int, int)[7]" classname="edu.school21.numbers.NumberWorkerTest" time="0.002"/>
  <testcase name="checkDigitSumForCorrectNumbers(int, int)[8]" classname="edu.school21.numbers.NumberWorkerTest" time="0.001"/>
  <testcase name="checkDigitSumForCorrectNumbers(int, int)[9]" classname="edu.school21.numbers.NumberWorkerTest" time="0.002"/>
  <testcase name="checkDigitSumForCorrectNumbers(int, int)[10]" classname="edu.school21.numbers.NumberWorkerTest" time="0.002"/>
  <testcase name="checkDigitSumForCorrectNumbers(int, int)[11]" classname="edu.school21.numbers.NumberWorkerTest" time="0.001"/>
  <testcase name="checkDigitSumForCorrectNumbers(int, int)[12]" classname="edu.school21.numbers.NumberWorkerTest" time="0.003"/>
  <testcase name="isPrimeForPrimes(int)[1]" classname="edu.school21.numbers.NumberWorkerTest" time="0.003"/>
  <testcase name="isPrimeForPrimes(int)[2]" classname="edu.school21.numbers.NumberWorkerTest" time="0.002"/>
  <testcase name="isPrimeForPrimes(int)[3]" classname="edu.school21.numbers.NumberWorkerTest" time="0.002"/>
  <testcase name="isPrimeForPrimes(int)[4]" classname="edu.school21.numbers.NumberWorkerTest" time="0.002"/>
  <testcase name="isPrimeForIncorrectNumbers(int)[1]" classname="edu.school21.numbers.NumberWorkerTest" time="0.005"/>
  <testcase name="isPrimeForIncorrectNumbers(int)[2]" classname="edu.school21.numbers.NumberWorkerTest" time="0.002"/>
  <testcase name="isPrimeForIncorrectNumbers(int)[3]" classname="edu.school21.numbers.NumberWorkerTest" time="0.003"/>
  <testcase name="isPrimeForIncorrectNumbers(int)[4]" classname="edu.school21.numbers.NumberWorkerTest" time="0.002"/>
  <testcase name="isPrimeForIncorrectNumbers(int)[5]" classname="edu.school21.numbers.NumberWorkerTest" time="0.003"/>
</testsuite>